This is e-pTeX, Version 3.141592653-p4.0.0-220214-2.6 (utf8.sjis) (TeX Live 2022) (preloaded format=platex 2022.6.1)  12 JAN 2023 18:33
entering extended mode
 restricted \write18 enabled.
 %&-line parsing enabled.
**4rd.tex
(./4rd.tex
pLaTeX2e <2021-11-15> (based on LaTeX2e <2021-11-15> patch level 1)
L3 programming layer <2022-05-30>
! Undefined control sequence.
l.1 \section
            {分析結果}
? 
! Emergency stop.
l.1 
    
End of file on the terminal!

 
Here is how much of TeX's memory you used:
 17 strings out of 478752
 313 string characters out of 5860229
 296564 words of memory out of 5000000
 18526 multiletter control sequences out of 15000+600000
 473130 words of font info for 45 fonts, out of 8000000 for 9000
 929 hyphenation exceptions out of 8191
 15i,0n,23p,60b,18s stack positions out of 10000i,1000n,20000p,200000b,200000s
No pages of output.
